<?xml version="1.0" encoding="UTF-8"?>
<testng-results ignored="0" total="1" passed="1" failed="0" skipped="0">
  <reporter-output>
  </reporter-output>
  <suite started-at="2023-06-18T00:44:02 IST" name="All Test Suite" finished-at="2023-06-18T00:44:05 IST" duration-ms="3046">
    <groups>
    </groups>
    <test started-at="2023-06-18T00:44:02 IST" name="Test" finished-at="2023-06-18T00:44:05 IST" duration-ms="3046">
      <class name="XrayTest">
        <test-method is-config="true" signature="firstTestSetUp()[pri:0, instance:XrayTest@397fbdb]" started-at="2023-06-18T00:44:02 IST" name="firstTestSetUp" finished-at="2023-06-18T00:44:04 IST" duration-ms="2138" status="PASS">
          <reporter-output>
          </reporter-output>
        </test-method> <!-- firstTestSetUp -->
        <test-method signature="FirstTest()[pri:0, instance:XrayTest@397fbdb]" started-at="2023-06-18T00:44:04 IST" name="FirstTest" finished-at="2023-06-18T00:44:05 IST" duration-ms="835" status="PASS">
          <reporter-output>
          </reporter-output>
        </test-method> <!-- FirstTest -->
      </class> <!-- XrayTest -->
    </test> <!-- Test -->
  </suite> <!-- All Test Suite -->
</testng-results>
